<?xml version="1.0" encoding="UTF-8"?>
<testng-results skipped="1" failed="0" ignored="0" total="1" passed="0">
  <reporter-output>
  </reporter-output>
  <suite name="Default suite" duration-ms="1986" started-at="2019-09-08T19:19:09Z" finished-at="2019-09-08T19:19:11Z">
    <groups>
    </groups>
    <test name="Default test" duration-ms="1986" started-at="2019-09-08T19:19:09Z" finished-at="2019-09-08T19:19:11Z">
      <class name="test_Amazon.TC1_SearchForProducts">
        <test-method status="FAIL" signature="beforeTestStart()[pri:0, instance:test_Amazon.TC1_SearchForProducts@5c7fa833]" name="beforeTestStart" is-config="true" duration-ms="1919" started-at="2019-09-08T19:19:09Z" finished-at="2019-09-08T19:19:11Z">
          <exception class="org.openqa.selenium.SessionNotCreatedException">
            <message>
              <![CDATA[session not created: This version of ChromeDriver only supports Chrome version 77
Build info: version: '3.141.59', revision: 'e82be7d358', time: '2018-11-14T08:25:48'
System info: host: 'Sadeks-MacBook-Pro.local', ip: '2604:2000:15c1:178:0:0:0:7%en0', os.name: 'Mac OS X', os.arch: 'x86_64', os.version: '10.14.5', java.version: '1.8.0_171'
Driver info: driver.version: ChromeDriver
remote stacktrace: 0   chromedriver                        0x000000010414ef09 chromedriver + 3694345
1   chromedriver                        0x00000001040dbfd3 chromedriver + 3223507
2   chromedriver                        0x0000000103e7b58f chromedriver + 730511
3   chromedriver                        0x0000000103de110b chromedriver + 98571
4   chromedriver                        0x0000000103ddd22a chromedriver + 82474
5   chromedriver                        0x0000000103e0ab71 chromedriver + 269169
6   chromedriver                        0x0000000103e07e83 chromedriver + 257667
7   chromedriver                        0x0000000103de323d chromedriver + 107069
8   chromedriver                        0x0000000103de41d5 chromedriver + 111061
9   chromedriver                        0x000000010410a07f chromedriver + 3412095
10  chromedriver                        0x0000000104116ced chromedriver + 3464429
11  chromedriver                        0x0000000104116a78 chromedriver + 3463800
12  chromedriver                        0x00000001040e9959 chromedriver + 3279193
13  chromedriver                        0x0000000104117548 chromedriver + 3466568
14  chromedriver                        0x00000001040fe1b7 chromedriver + 3363255
15  chromedriver                        0x0000000104135474 chromedriver + 3589236
16  chromedriver                        0x0000000104154ce7 chromedriver + 3718375
17  libsystem_pthread.dylib             0x00007fff6efac2eb _pthread_body + 126
18  libsystem_pthread.dylib             0x00007fff6efaf249 _pthread_start + 66
19  libsystem_pthread.dylib             0x00007fff6efab40d thread_start + 13
]]>
            </message>
            <full-stacktrace>
              <![CDATA[org.openqa.selenium.SessionNotCreatedException: session not created: This version of ChromeDriver only supports Chrome version 77
Build info: version: '3.141.59', revision: 'e82be7d358', time: '2018-11-14T08:25:48'
System info: host: 'Sadeks-MacBook-Pro.local', ip: '2604:2000:15c1:178:0:0:0:7%en0', os.name: 'Mac OS X', os.arch: 'x86_64', os.version: '10.14.5', java.version: '1.8.0_171'
Driver info: driver.version: ChromeDriver
remote stacktrace: 0   chromedriver                        0x000000010414ef09 chromedriver + 3694345
1   chromedriver                        0x00000001040dbfd3 chromedriver + 3223507
2   chromedriver                        0x0000000103e7b58f chromedriver + 730511
3   chromedriver                        0x0000000103de110b chromedriver + 98571
4   chromedriver                        0x0000000103ddd22a chromedriver + 82474
5   chromedriver                        0x0000000103e0ab71 chromedriver + 269169
6   chromedriver                        0x0000000103e07e83 chromedriver + 257667
7   chromedriver                        0x0000000103de323d chromedriver + 107069
8   chromedriver                        0x0000000103de41d5 chromedriver + 111061
9   chromedriver                        0x000000010410a07f chromedriver + 3412095
10  chromedriver                        0x0000000104116ced chromedriver + 3464429
11  chromedriver                        0x0000000104116a78 chromedriver + 3463800
12  chromedriver                        0x00000001040e9959 chromedriver + 3279193
13  chromedriver                        0x0000000104117548 chromedriver + 3466568
14  chromedriver                        0x00000001040fe1b7 chromedriver + 3363255
15  chromedriver                        0x0000000104135474 chromedriver + 3589236
16  chromedriver                        0x0000000104154ce7 chromedriver + 3718375
17  libsystem_pthread.dylib             0x00007fff6efac2eb _pthread_body + 126
18  libsystem_pthread.dylib             0x00007fff6efaf249 _pthread_start + 66
19  libsystem_pthread.dylib             0x00007fff6efab40d thread_start + 13

at sun.reflect.NativeConstructorAccessorImpl.newInstance0(Native Method)
at sun.reflect.NativeConstructorAccessorImpl.newInstance(NativeConstructorAccessorImpl.java:62)
at sun.reflect.DelegatingConstructorAccessorImpl.newInstance(DelegatingConstructorAccessorImpl.java:45)
at java.lang.reflect.Constructor.newInstance(Constructor.java:423)
at org.openqa.selenium.remote.W3CHandshakeResponse.lambda$errorHandler$0(W3CHandshakeResponse.java:62)
at org.openqa.selenium.remote.HandshakeResponse.lambda$getResponseFunction$0(HandshakeResponse.java:30)
at org.openqa.selenium.remote.ProtocolHandshake.lambda$createSession$0(ProtocolHandshake.java:126)
at java.util.stream.ReferencePipeline$3$1.accept(ReferencePipeline.java:193)
at java.util.Spliterators$ArraySpliterator.tryAdvance(Spliterators.java:958)
at java.util.stream.ReferencePipeline.forEachWithCancel(ReferencePipeline.java:126)
at java.util.stream.AbstractPipeline.copyIntoWithCancel(AbstractPipeline.java:498)
at java.util.stream.AbstractPipeline.copyInto(AbstractPipeline.java:485)
at java.util.stream.AbstractPipeline.wrapAndCopyInto(AbstractPipeline.java:471)
at java.util.stream.FindOps$FindOp.evaluateSequential(FindOps.java:152)
at java.util.stream.AbstractPipeline.evaluate(AbstractPipeline.java:234)
at java.util.stream.ReferencePipeline.findFirst(ReferencePipeline.java:464)
at org.openqa.selenium.remote.ProtocolHandshake.createSession(ProtocolHandshake.java:128)
at org.openqa.selenium.remote.ProtocolHandshake.createSession(ProtocolHandshake.java:74)
at org.openqa.selenium.remote.HttpCommandExecutor.execute(HttpCommandExecutor.java:136)
at org.openqa.selenium.remote.service.DriverCommandExecutor.execute(DriverCommandExecutor.java:83)
at org.openqa.selenium.remote.RemoteWebDriver.execute(RemoteWebDriver.java:552)
at org.openqa.selenium.remote.RemoteWebDriver.startSession(RemoteWebDriver.java:213)
at org.openqa.selenium.remote.RemoteWebDriver.<init>(RemoteWebDriver.java:131)
at org.openqa.selenium.chrome.ChromeDriver.<init>(ChromeDriver.java:181)
at org.openqa.selenium.chrome.ChromeDriver.<init>(ChromeDriver.java:168)
at org.openqa.selenium.chrome.ChromeDriver.<init>(ChromeDriver.java:123)
at base.Config.beforeTestStart(Config.java:17)
at sun.reflect.NativeMethodAccessorImpl.invoke0(Native Method)
at sun.reflect.NativeMethodAccessorImpl.invoke(NativeMethodAccessorImpl.java:62)
at sun.reflect.DelegatingMethodAccessorImpl.invoke(DelegatingMethodAccessorImpl.java:43)
at java.lang.reflect.Method.invoke(Method.java:498)
at org.testng.internal.MethodInvocationHelper.invokeMethod(MethodInvocationHelper.java:124)
at org.testng.internal.MethodInvocationHelper.invokeMethodConsideringTimeout(MethodInvocationHelper.java:59)
at org.testng.internal.Invoker.invokeConfigurationMethod(Invoker.java:455)
at org.testng.internal.Invoker.invokeConfigurations(Invoker.java:222)
at org.testng.internal.Invoker.invokeConfigurations(Invoker.java:142)
at org.testng.TestRunner.beforeRun(TestRunner.java:529)
at org.testng.TestRunner.run(TestRunner.java:497)
at org.testng.SuiteRunner.runTest(SuiteRunner.java:455)
at org.testng.SuiteRunner.runSequentially(SuiteRunner.java:450)
at org.testng.SuiteRunner.privateRun(SuiteRunner.java:415)
at org.testng.SuiteRunner.run(SuiteRunner.java:364)
at org.testng.SuiteRunnerWorker.runSuite(SuiteRunnerWorker.java:52)
at org.testng.SuiteRunnerWorker.run(SuiteRunnerWorker.java:84)
at org.testng.TestNG.runSuitesSequentially(TestNG.java:1208)
at org.testng.TestNG.runSuitesLocally(TestNG.java:1137)
at org.testng.TestNG.runSuites(TestNG.java:1049)
at org.testng.TestNG.run(TestNG.java:1017)
at org.testng.remote.AbstractRemoteTestNG.run(AbstractRemoteTestNG.java:114)
at org.testng.remote.RemoteTestNG.initAndRun(RemoteTestNG.java:251)
at org.testng.remote.RemoteTestNG.main(RemoteTestNG.java:77)
]]>
            </full-stacktrace>
          </exception> <!-- org.openqa.selenium.SessionNotCreatedException -->
          <reporter-output>
          </reporter-output>
        </test-method> <!-- beforeTestStart -->
        <test-method status="SKIP" signature="SearchForMusic()[pri:0, instance:test_Amazon.TC1_SearchForProducts@5c7fa833]" name="SearchForMusic" duration-ms="0" started-at="2019-09-08T19:19:11Z" finished-at="2019-09-08T19:19:11Z">
          <exception class="org.openqa.selenium.SessionNotCreatedException">
            <message>
              <![CDATA[session not created: This version of ChromeDriver only supports Chrome version 77
Build info: version: '3.141.59', revision: 'e82be7d358', time: '2018-11-14T08:25:48'
System info: host: 'Sadeks-MacBook-Pro.local', ip: '2604:2000:15c1:178:0:0:0:7%en0', os.name: 'Mac OS X', os.arch: 'x86_64', os.version: '10.14.5', java.version: '1.8.0_171'
Driver info: driver.version: ChromeDriver
remote stacktrace: 0   chromedriver                        0x000000010414ef09 chromedriver + 3694345
1   chromedriver                        0x00000001040dbfd3 chromedriver + 3223507
2   chromedriver                        0x0000000103e7b58f chromedriver + 730511
3   chromedriver                        0x0000000103de110b chromedriver + 98571
4   chromedriver                        0x0000000103ddd22a chromedriver + 82474
5   chromedriver                        0x0000000103e0ab71 chromedriver + 269169
6   chromedriver                        0x0000000103e07e83 chromedriver + 257667
7   chromedriver                        0x0000000103de323d chromedriver + 107069
8   chromedriver                        0x0000000103de41d5 chromedriver + 111061
9   chromedriver                        0x000000010410a07f chromedriver + 3412095
10  chromedriver                        0x0000000104116ced chromedriver + 3464429
11  chromedriver                        0x0000000104116a78 chromedriver + 3463800
12  chromedriver                        0x00000001040e9959 chromedriver + 3279193
13  chromedriver                        0x0000000104117548 chromedriver + 3466568
14  chromedriver                        0x00000001040fe1b7 chromedriver + 3363255
15  chromedriver                        0x0000000104135474 chromedriver + 3589236
16  chromedriver                        0x0000000104154ce7 chromedriver + 3718375
17  libsystem_pthread.dylib             0x00007fff6efac2eb _pthread_body + 126
18  libsystem_pthread.dylib             0x00007fff6efaf249 _pthread_start + 66
19  libsystem_pthread.dylib             0x00007fff6efab40d thread_start + 13
]]>
            </message>
            <full-stacktrace>
              <![CDATA[org.openqa.selenium.SessionNotCreatedException: session not created: This version of ChromeDriver only supports Chrome version 77
Build info: version: '3.141.59', revision: 'e82be7d358', time: '2018-11-14T08:25:48'
System info: host: 'Sadeks-MacBook-Pro.local', ip: '2604:2000:15c1:178:0:0:0:7%en0', os.name: 'Mac OS X', os.arch: 'x86_64', os.version: '10.14.5', java.version: '1.8.0_171'
Driver info: driver.version: ChromeDriver
remote stacktrace: 0   chromedriver                        0x000000010414ef09 chromedriver + 3694345
1   chromedriver                        0x00000001040dbfd3 chromedriver + 3223507
2   chromedriver                        0x0000000103e7b58f chromedriver + 730511
3   chromedriver                        0x0000000103de110b chromedriver + 98571
4   chromedriver                        0x0000000103ddd22a chromedriver + 82474
5   chromedriver                        0x0000000103e0ab71 chromedriver + 269169
6   chromedriver                        0x0000000103e07e83 chromedriver + 257667
7   chromedriver                        0x0000000103de323d chromedriver + 107069
8   chromedriver                        0x0000000103de41d5 chromedriver + 111061
9   chromedriver                        0x000000010410a07f chromedriver + 3412095
10  chromedriver                        0x0000000104116ced chromedriver + 3464429
11  chromedriver                        0x0000000104116a78 chromedriver + 3463800
12  chromedriver                        0x00000001040e9959 chromedriver + 3279193
13  chromedriver                        0x0000000104117548 chromedriver + 3466568
14  chromedriver                        0x00000001040fe1b7 chromedriver + 3363255
15  chromedriver                        0x0000000104135474 chromedriver + 3589236
16  chromedriver                        0x0000000104154ce7 chromedriver + 3718375
17  libsystem_pthread.dylib             0x00007fff6efac2eb _pthread_body + 126
18  libsystem_pthread.dylib             0x00007fff6efaf249 _pthread_start + 66
19  libsystem_pthread.dylib             0x00007fff6efab40d thread_start + 13

at sun.reflect.NativeConstructorAccessorImpl.newInstance0(Native Method)
at sun.reflect.NativeConstructorAccessorImpl.newInstance(NativeConstructorAccessorImpl.java:62)
at sun.reflect.DelegatingConstructorAccessorImpl.newInstance(DelegatingConstructorAccessorImpl.java:45)
at java.lang.reflect.Constructor.newInstance(Constructor.java:423)
at org.openqa.selenium.remote.W3CHandshakeResponse.lambda$errorHandler$0(W3CHandshakeResponse.java:62)
at org.openqa.selenium.remote.HandshakeResponse.lambda$getResponseFunction$0(HandshakeResponse.java:30)
at org.openqa.selenium.remote.ProtocolHandshake.lambda$createSession$0(ProtocolHandshake.java:126)
at java.util.stream.ReferencePipeline$3$1.accept(ReferencePipeline.java:193)
at java.util.Spliterators$ArraySpliterator.tryAdvance(Spliterators.java:958)
at java.util.stream.ReferencePipeline.forEachWithCancel(ReferencePipeline.java:126)
at java.util.stream.AbstractPipeline.copyIntoWithCancel(AbstractPipeline.java:498)
at java.util.stream.AbstractPipeline.copyInto(AbstractPipeline.java:485)
at java.util.stream.AbstractPipeline.wrapAndCopyInto(AbstractPipeline.java:471)
at java.util.stream.FindOps$FindOp.evaluateSequential(FindOps.java:152)
at java.util.stream.AbstractPipeline.evaluate(AbstractPipeline.java:234)
at java.util.stream.ReferencePipeline.findFirst(ReferencePipeline.java:464)
at org.openqa.selenium.remote.ProtocolHandshake.createSession(ProtocolHandshake.java:128)
at org.openqa.selenium.remote.ProtocolHandshake.createSession(ProtocolHandshake.java:74)
at org.openqa.selenium.remote.HttpCommandExecutor.execute(HttpCommandExecutor.java:136)
at org.openqa.selenium.remote.service.DriverCommandExecutor.execute(DriverCommandExecutor.java:83)
at org.openqa.selenium.remote.RemoteWebDriver.execute(RemoteWebDriver.java:552)
at org.openqa.selenium.remote.RemoteWebDriver.startSession(RemoteWebDriver.java:213)
at org.openqa.selenium.remote.RemoteWebDriver.<init>(RemoteWebDriver.java:131)
at org.openqa.selenium.chrome.ChromeDriver.<init>(ChromeDriver.java:181)
at org.openqa.selenium.chrome.ChromeDriver.<init>(ChromeDriver.java:168)
at org.openqa.selenium.chrome.ChromeDriver.<init>(ChromeDriver.java:123)
at base.Config.beforeTestStart(Config.java:17)
at sun.reflect.NativeMethodAccessorImpl.invoke0(Native Method)
at sun.reflect.NativeMethodAccessorImpl.invoke(NativeMethodAccessorImpl.java:62)
at sun.reflect.DelegatingMethodAccessorImpl.invoke(DelegatingMethodAccessorImpl.java:43)
at java.lang.reflect.Method.invoke(Method.java:498)
at org.testng.internal.MethodInvocationHelper.invokeMethod(MethodInvocationHelper.java:124)
at org.testng.internal.MethodInvocationHelper.invokeMethodConsideringTimeout(MethodInvocationHelper.java:59)
at org.testng.internal.Invoker.invokeConfigurationMethod(Invoker.java:455)
at org.testng.internal.Invoker.invokeConfigurations(Invoker.java:222)
at org.testng.internal.Invoker.invokeConfigurations(Invoker.java:142)
at org.testng.TestRunner.beforeRun(TestRunner.java:529)
at org.testng.TestRunner.run(TestRunner.java:497)
at org.testng.SuiteRunner.runTest(SuiteRunner.java:455)
at org.testng.SuiteRunner.runSequentially(SuiteRunner.java:450)
at org.testng.SuiteRunner.privateRun(SuiteRunner.java:415)
at org.testng.SuiteRunner.run(SuiteRunner.java:364)
at org.testng.SuiteRunnerWorker.runSuite(SuiteRunnerWorker.java:52)
at org.testng.SuiteRunnerWorker.run(SuiteRunnerWorker.java:84)
at org.testng.TestNG.runSuitesSequentially(TestNG.java:1208)
at org.testng.TestNG.runSuitesLocally(TestNG.java:1137)
at org.testng.TestNG.runSuites(TestNG.java:1049)
at org.testng.TestNG.run(TestNG.java:1017)
at org.testng.remote.AbstractRemoteTestNG.run(AbstractRemoteTestNG.java:114)
at org.testng.remote.RemoteTestNG.initAndRun(RemoteTestNG.java:251)
at org.testng.remote.RemoteTestNG.main(RemoteTestNG.java:77)
]]>
            </full-stacktrace>
          </exception> <!-- org.openqa.selenium.SessionNotCreatedException -->
          <reporter-output>
          </reporter-output>
        </test-method> <!-- SearchForMusic -->
      </class> <!-- test_Amazon.TC1_SearchForProducts -->
    </test> <!-- Default test -->
  </suite> <!-- Default suite -->
</testng-results>
